[debug] [2023-04-03T06:41:20.220Z] ----------------------------------------------------------------------
[debug] [2023-04-03T06:41:20.221Z] Command:       /usr/local/bin/node /Users/alexanderyakubov/Desktop/PetProjectReact/node_modules/.bin/firebase init
[debug] [2023-04-03T06:41:20.222Z] CLI Version:   11.25.2
[debug] [2023-04-03T06:41:20.222Z] Platform:      darwin
[debug] [2023-04-03T06:41:20.222Z] Node Version:  v18.13.0
[debug] [2023-04-03T06:41:20.223Z] Time:          Mon Apr 03 2023 09:41:20 GMT+0300 (Israel Daylight Time)
[debug] [2023-04-03T06:41:20.223Z] ----------------------------------------------------------------------
[debug] 
[debug] [2023-04-03T06:41:20.227Z] > command requires scopes: ["email","openid","https://www.googleapis.com/auth/cloudplatformprojects.readonly","https://www.googleapis.com/auth/firebase","https://www.googleapis.com/auth/cloud-platform"]
[debug] [2023-04-03T06:41:20.227Z] > authorizing via signed-in user (yakubov.2003@mail.ru)
[info] 
     ######## #### ########  ######## ########     ###     ######  ########
     ##        ##  ##     ## ##       ##     ##  ##   ##  ##       ##
     ######    ##  ########  ######   ########  #########  ######  ######
     ##        ##  ##    ##  ##       ##     ## ##     ##       ## ##
     ##       #### ##     ## ######## ########  ##     ##  ######  ########

You're about to initialize a Firebase project in this directory:

  /Users/alexanderyakubov/Desktop/PetProjectReact

[info] 
=== Project Setup
[info] 
[info] First, let's associate this project directory with a Firebase project.
[info] You can create multiple project aliases by running firebase use --add, 
[info] but for now we'll just set up a default project.
[info] 
[debug] [2023-04-03T06:42:03.862Z] >>> [apiv2][query] GET https://firebase.googleapis.com/v1beta1/projects pageSize=100
[debug] [2023-04-03T06:42:04.655Z] <<< [apiv2][status] GET https://firebase.googleapis.com/v1beta1/projects 200
[debug] [2023-04-03T06:42:04.655Z] <<< [apiv2][body] GET https://firebase.googleapis.com/v1beta1/projects [omitted]
[info] i  Using project petpoject-a4cc5 (PetPoject) 
[info] 
=== Hosting Setup
[info] 
[info] Your public directory is the folder (relative to your project directory) that
[info] will contain Hosting assets to be uploaded with firebase deploy. If you
[info] have a build process for your assets, use your build's output directory.
[info] 
